<?xml version="1.0" encoding="UTF-8"?>
<!-- Generated by org.testng.reporters.JUnitReportReporter -->
<testsuite hostname="user" name="P1.DemoTest" tests="1" failures="0" timestamp="22 Oct 2019 10:52:36 GMT" time="0.042" errors="0">
  <testcase name="run" time="0.042" classname="P1.DemoTest"/>
</testsuite> <!-- P1.DemoTest -->
